In file included from [01m[K/home/chakrapani/drone_files/drone_precise_delivery/ros2_ws/src/aruco_tracker/ArucoTracker.cpp:1[m[K:
[01m[K/home/chakrapani/drone_files/drone_precise_delivery/ros2_ws/src/aruco_tracker/ArucoTracker.hpp:6:10:[m[K [01;31m[Kfatal error: [m[Kcv_bridge/cv_bridge.hpp: No such file or directory
    6 | #include [01;31m[K<cv_bridge/cv_bridge.hpp>[m[K
      |          [01;31m[K^~~~~~~~~~~~~~~~~~~~~~~~~[m[K
compilation terminated.
gmake[2]: *** [CMakeFiles/aruco_tracker.dir/build.make:76: CMakeFiles/aruco_tracker.dir/ArucoTracker.cpp.o] Error 1
gmake[1]: *** [CMakeFiles/Makefile2:137: CMakeFiles/aruco_tracker.dir/all] Error 2
gmake: *** [Makefile:146: all] Error 2
