[0.323s] Invoking command in '/home/chakrapani/drone_files/drone_precise_delivery/ros2_ws/build/aruco_tracker': CMAKE_PREFIX_PATH=/home/chakrapani/drone_files/drone_precise_delivery/ros2_ws/install/cv_bridge:/home/chakrapani/drone_files/drone_precise_delivery/ros2_ws/install/image_geometry:/home/chakrapani/px4_ros_ws/install/px4_msgs:/home/chakrapani/drone_files/drone_precise_delivery/ros2_ws/install/drone_control:/opt/ros/humble LD_LIBRARY_PATH=/home/chakrapani/drone_files/drone_precise_delivery/ros2_ws/install/cv_bridge/lib:/home/chakrapani/drone_files/drone_precise_delivery/ros2_ws/install/image_geometry/lib:/home/chakrapani/px4_ros_ws/install/px4_msgs/lib:/usr/lib/x86_64-linux-gnu/gazebo-11/plugins:/opt/ros/humble/opt/rviz_ogre_vendor/lib:/opt/ros/humble/lib/x86_64-linux-gnu:/opt/ros/humble/lib /usr/bin/cmake --build /home/chakrapani/drone_files/drone_precise_delivery/ros2_ws/build/aruco_tracker -- -j2 -l2
[0.351s] -- Found eigen3_cmake_module: 0.1.1 (/opt/ros/humble/share/eigen3_cmake_module/cmake)
[0.353s] -- Found ament_cmake: 1.3.11 (/opt/ros/humble/share/ament_cmake/cmake)
[0.527s] -- Found rclcpp: 16.0.11 (/opt/ros/humble/share/rclcpp/cmake)
[0.560s] -- Found rosidl_generator_c: 3.1.6 (/opt/ros/humble/share/rosidl_generator_c/cmake)
[0.563s] -- Found rosidl_adapter: 3.1.6 (/opt/ros/humble/share/rosidl_adapter/cmake)
[0.571s] -- Found rosidl_generator_cpp: 3.1.6 (/opt/ros/humble/share/rosidl_generator_cpp/cmake)
[0.586s] -- Using all available rosidl_typesupport_c: rosidl_typesupport_fastrtps_c;rosidl_typesupport_introspection_c
[0.601s] -- Using all available rosidl_typesupport_cpp: rosidl_typesupport_fastrtps_cpp;rosidl_typesupport_introspection_cpp
[0.641s] -- Found rmw_implementation_cmake: 6.1.2 (/opt/ros/humble/share/rmw_implementation_cmake/cmake)
[0.643s] -- Found rmw_fastrtps_cpp: 6.2.7 (/opt/ros/humble/share/rmw_fastrtps_cpp/cmake)
[0.775s] -- Using RMW implementation 'rmw_fastrtps_cpp' as default
[0.844s] -- Found px4_msgs: 2.0.1 (/home/chakrapani/px4_ros_ws/install/px4_msgs/share/px4_msgs/cmake)
[0.856s] -- Found sensor_msgs: 4.2.4 (/opt/ros/humble/share/sensor_msgs/cmake)
[0.894s] -- Found cv_bridge: 3.2.1 (/opt/ros/humble/share/cv_bridge/cmake)
[0.913s] -- Found ament_lint_auto: 0.12.12 (/opt/ros/humble/share/ament_lint_auto/cmake)
[1.048s] -- Added test 'copyright' to check source files copyright and LICENSE
[1.049s] -- Added test 'cppcheck' to perform static code analysis on C / C++ code
[1.049s] -- Configured cppcheck include dirs: 
[1.049s] -- Configured cppcheck exclude dirs and/or files: 
[1.049s] -- Added test 'cpplint' to check C / C++ code against the Google style
[1.049s] -- Configured cpplint exclude dirs and/or files: 
[1.049s] -- Added test 'flake8' to check Python code syntax and style conventions
[1.049s] -- Added test 'lint_cmake' to check CMake code style
[1.049s] -- Added test 'pep257' to check Python code against some of the docstring style conventions in PEP 257
[1.050s] -- Added test 'uncrustify' to check C / C++ code style
[1.050s] -- Configured uncrustify additional arguments: 
[1.051s] -- Added test 'xmllint' to check XML markup files
[1.051s] -- Configuring done
[1.070s] -- Generating done
[1.078s] -- Build files have been written to: /home/chakrapani/drone_files/drone_precise_delivery/ros2_ws/build/aruco_tracker
[1.125s] [ 50%] [32mBuilding CXX object CMakeFiles/aruco_tracker.dir/ArucoTracker.cpp.o[0m
[1.425s] In file included from [01m[K/home/chakrapani/drone_files/drone_precise_delivery/ros2_ws/src/aruco_tracker/ArucoTracker.cpp:1[m[K:
[1.426s] [01m[K/home/chakrapani/drone_files/drone_precise_delivery/ros2_ws/src/aruco_tracker/ArucoTracker.hpp:6:10:[m[K [01;31m[Kfatal error: [m[Kcv_bridge/cv_bridge.hpp: No such file or directory
[1.426s]     6 | #include [01;31m[K<cv_bridge/cv_bridge.hpp>[m[K
[1.426s]       |          [01;31m[K^~~~~~~~~~~~~~~~~~~~~~~~~[m[K
[1.426s] compilation terminated.
[1.429s] gmake[2]: *** [CMakeFiles/aruco_tracker.dir/build.make:76: CMakeFiles/aruco_tracker.dir/ArucoTracker.cpp.o] Error 1
[1.429s] gmake[1]: *** [CMakeFiles/Makefile2:137: CMakeFiles/aruco_tracker.dir/all] Error 2
[1.429s] gmake: *** [Makefile:146: all] Error 2
[1.566s] Invoked command in '/home/chakrapani/drone_files/drone_precise_delivery/ros2_ws/build/aruco_tracker' returned '2': CMAKE_PREFIX_PATH=/home/chakrapani/drone_files/drone_precise_delivery/ros2_ws/install/cv_bridge:/home/chakrapani/drone_files/drone_precise_delivery/ros2_ws/install/image_geometry:/home/chakrapani/px4_ros_ws/install/px4_msgs:/home/chakrapani/drone_files/drone_precise_delivery/ros2_ws/install/drone_control:/opt/ros/humble LD_LIBRARY_PATH=/home/chakrapani/drone_files/drone_precise_delivery/ros2_ws/install/cv_bridge/lib:/home/chakrapani/drone_files/drone_precise_delivery/ros2_ws/install/image_geometry/lib:/home/chakrapani/px4_ros_ws/install/px4_msgs/lib:/usr/lib/x86_64-linux-gnu/gazebo-11/plugins:/opt/ros/humble/opt/rviz_ogre_vendor/lib:/opt/ros/humble/lib/x86_64-linux-gnu:/opt/ros/humble/lib /usr/bin/cmake --build /home/chakrapani/drone_files/drone_precise_delivery/ros2_ws/build/aruco_tracker -- -j2 -l2
